<?xml version="1.0" encoding="UTF-8"?>
<robot generator="Robot 3.2.2 (Python 3.7.6 on win32)" generated="20210617 15:15:30.339" rpa="false">
<suite id="s1" name="Projectauto" source="C:\Users\nellouzy\eclipse-workspace\projectauto">
<suite id="s1-s1" name="Robot" source="C:\Users\nellouzy\eclipse-workspace\projectauto\Robot.robot">
<kw name="Log" library="BuiltIn" type="setup">
<doc>Logs the given message with the given level.</doc>
<arguments>
<arg>Welcome to the first Suite setup</arg>
</arguments>
<msg timestamp="20210617 15:15:30.901" level="INFO">Welcome to the first Suite setup</msg>
<status status="PASS" starttime="20210617 15:15:30.901" endtime="20210617 15:15:30.902"></status>
</kw>
<test id="s1-s1-t1" name="Open chrome">
<kw name="Log" library="BuiltIn" type="setup">
<doc>Logs the given message with the given level.</doc>
<arguments>
<arg>Welcome to the first Test setup</arg>
</arguments>
<msg timestamp="20210617 15:15:30.905" level="INFO">Welcome to the first Test setup</msg>
<status status="PASS" starttime="20210617 15:15:30.904" endtime="20210617 15:15:30.905"></status>
</kw>
<kw name="Open Browser" library="Selenium2Library">
<doc>Opens a new browser instance to the optional ``url``.</doc>
<arguments>
<arg>${LOGIN URL}</arg>
<arg>${BROWSER}</arg>
</arguments>
<msg timestamp="20210617 15:15:30.906" level="INFO">Opening browser 'Chrome' to base url 'https://www.capgemini.com/fr-fr/'.</msg>
<status status="PASS" starttime="20210617 15:15:30.905" endtime="20210617 15:15:43.277"></status>
</kw>
<kw name="Maximize Browser Window" library="Selenium2Library">
<doc>Maximizes current browser window.</doc>
<status status="PASS" starttime="20210617 15:15:43.277" endtime="20210617 15:15:43.618"></status>
</kw>
<kw name="Sleep" library="BuiltIn">
<doc>Pauses the test executed for the given time.</doc>
<arguments>
<arg>5</arg>
</arguments>
<msg timestamp="20210617 15:15:48.622" level="INFO">Slept 5 seconds</msg>
<status status="PASS" starttime="20210617 15:15:43.618" endtime="20210617 15:15:48.624"></status>
</kw>
<kw name="Wait Until Element Is Visible" library="Selenium2Library">
<doc>Waits until the element ``locator`` is visible.</doc>
<arguments>
<arg>//a[contains(text(),"Autoriser tous les cookies")]</arg>
</arguments>
<status status="PASS" starttime="20210617 15:15:48.635" endtime="20210617 15:15:48.726"></status>
</kw>
<kw name="Click Element" library="Selenium2Library">
<doc>Click the element identified by ``locator``.</doc>
<arguments>
<arg>//a[contains(text(),"Autoriser tous les cookies")]</arg>
</arguments>
<msg timestamp="20210617 15:15:48.727" level="INFO">Clicking element '//a[contains(text(),"Autoriser tous les cookies")]'.</msg>
<status status="PASS" starttime="20210617 15:15:48.727" endtime="20210617 15:15:48.812"></status>
</kw>
<kw name="Log" library="BuiltIn">
<doc>Logs the given message with the given level.</doc>
<arguments>
<arg>Chrome is opening</arg>
</arguments>
<msg timestamp="20210617 15:15:48.813" level="INFO">Chrome is opening</msg>
<status status="PASS" starttime="20210617 15:15:48.812" endtime="20210617 15:15:48.813"></status>
</kw>
<kw name="Log" library="BuiltIn" type="teardown">
<doc>Logs the given message with the given level.</doc>
<arguments>
<arg>Welcome to the first Test Teardown</arg>
</arguments>
<msg timestamp="20210617 15:15:48.814" level="INFO">Welcome to the first Test Teardown</msg>
<status status="PASS" starttime="20210617 15:15:48.813" endtime="20210617 15:15:48.814"></status>
</kw>
<doc>cas 1</doc>
<tags>
<tag>Firt Tag</tag>
</tags>
<status status="PASS" starttime="20210617 15:15:30.903" endtime="20210617 15:15:48.815" critical="yes"></status>
</test>
<test id="s1-s1-t2" name="Nos services menu">
<kw name="Log" library="BuiltIn" type="setup">
<doc>Logs the given message with the given level.</doc>
<arguments>
<arg>Welcome to the first Test setup</arg>
</arguments>
<msg timestamp="20210617 15:15:48.818" level="INFO">Welcome to the first Test setup</msg>
<status status="PASS" starttime="20210617 15:15:48.817" endtime="20210617 15:15:48.818"></status>
</kw>
<kw name="Set Tags" library="BuiltIn">
<doc>Adds given ``tags`` for the current test or all tests in a suite.</doc>
<arguments>
<arg>Second Tag</arg>
</arguments>
<msg timestamp="20210617 15:15:48.819" level="INFO">Set tag 'Second Tag'.</msg>
<status status="PASS" starttime="20210617 15:15:48.819" endtime="20210617 15:15:48.820"></status>
</kw>
<kw name="Mouse Over" library="Selenium2Library">
<doc>Simulates hovering the mouse over the element ``locator``.</doc>
<arguments>
<arg>//a[contains(text(),"Nos services")]</arg>
</arguments>
<msg timestamp="20210617 15:15:48.821" level="INFO">Simulating Mouse Over on element '//a[contains(text(),"Nos services")]'.</msg>
<status status="PASS" starttime="20210617 15:15:48.820" endtime="20210617 15:15:49.145"></status>
</kw>
<kw name="Wait Until Element Is Visible" library="Selenium2Library">
<doc>Waits until the element ``locator`` is visible.</doc>
<arguments>
<arg>//a[contains(text(),"Nos services")]</arg>
</arguments>
<status status="PASS" starttime="20210617 15:15:49.145" endtime="20210617 15:15:49.178"></status>
</kw>
<kw name="Wait Until Element Is Visible" library="Selenium2Library">
<doc>Waits until the element ``locator`` is visible.</doc>
<arguments>
<arg>//a[contains(text(),"Applications, testing, infrastructures")]</arg>
</arguments>
<status status="PASS" starttime="20210617 15:15:49.179" endtime="20210617 15:15:49.212"></status>
</kw>
<kw name="Click Element" library="Selenium2Library">
<doc>Click the element identified by ``locator``.</doc>
<arguments>
<arg>//a[contains(text(),"Applications, testing, infrastructures")]</arg>
</arguments>
<msg timestamp="20210617 15:15:49.213" level="INFO">Clicking element '//a[contains(text(),"Applications, testing, infrastructures")]'.</msg>
<status status="PASS" starttime="20210617 15:15:49.213" endtime="20210617 15:15:53.835"></status>
</kw>
<kw name="Log" library="BuiltIn">
<doc>Logs the given message with the given level.</doc>
<arguments>
<arg>Menu is OK</arg>
</arguments>
<msg timestamp="20210617 15:15:53.837" level="INFO">Menu is OK</msg>
<status status="PASS" starttime="20210617 15:15:53.835" endtime="20210617 15:15:53.837"></status>
</kw>
<kw name="Log" library="BuiltIn" type="teardown">
<doc>Logs the given message with the given level.</doc>
<arguments>
<arg>Welcome to the first Test Teardown</arg>
</arguments>
<msg timestamp="20210617 15:15:53.838" level="INFO">Welcome to the first Test Teardown</msg>
<status status="PASS" starttime="20210617 15:15:53.838" endtime="20210617 15:15:53.838"></status>
</kw>
<doc>cas 2</doc>
<tags>
<tag>Second Tag</tag>
<tag>Test</tag>
</tags>
<status status="PASS" starttime="20210617 15:15:48.816" endtime="20210617 15:15:53.839" critical="yes"></status>
</test>
<test id="s1-s1-t3" name="Applications, testing, infrastructures Page">
<kw name="Log" library="BuiltIn" type="setup">
<doc>Logs the given message with the given level.</doc>
<arguments>
<arg>Welcome to the first Test setup</arg>
</arguments>
<msg timestamp="20210617 15:15:53.846" level="INFO">Welcome to the first Test setup</msg>
<status status="PASS" starttime="20210617 15:15:53.845" endtime="20210617 15:15:53.847"></status>
</kw>
<kw name="Wait Until Element Is Visible" library="Selenium2Library">
<doc>Waits until the element ``locator`` is visible.</doc>
<arguments>
<arg>//a[contains(text(),"Quand les procédures de Testing sont plus faciles, les projets fonctionnent mieux")]</arg>
</arguments>
<status status="PASS" starttime="20210617 15:15:53.847" endtime="20210617 15:15:53.876"></status>
</kw>
<kw name="Click Element" library="Selenium2Library">
<doc>Click the element identified by ``locator``.</doc>
<arguments>
<arg>//a[contains(text(),"Quand les procédures de Testing sont plus faciles, les projets fonctionnent mieux")]</arg>
</arguments>
<msg timestamp="20210617 15:15:53.877" level="INFO">Clicking element '//a[contains(text(),"Quand les procédures de Testing sont plus faciles, les projets fonctionnent mieux")]'.</msg>
<status status="PASS" starttime="20210617 15:15:53.876" endtime="20210617 15:15:54.019"></status>
</kw>
<kw name="Sleep" library="BuiltIn">
<doc>Pauses the test executed for the given time.</doc>
<arguments>
<arg>4</arg>
</arguments>
<msg timestamp="20210617 15:15:58.030" level="INFO">Slept 4 seconds</msg>
<status status="PASS" starttime="20210617 15:15:54.019" endtime="20210617 15:15:58.031"></status>
</kw>
<kw name="Log" library="BuiltIn" type="teardown">
<doc>Logs the given message with the given level.</doc>
<arguments>
<arg>Welcome to the first Test Teardown</arg>
</arguments>
<msg timestamp="20210617 15:15:58.034" level="INFO">Welcome to the first Test Teardown</msg>
<status status="PASS" starttime="20210617 15:15:58.032" endtime="20210617 15:15:58.034"></status>
</kw>
<tags>
<tag>Test</tag>
</tags>
<status status="PASS" starttime="20210617 15:15:53.843" endtime="20210617 15:15:58.034" critical="yes"></status>
</test>
<test id="s1-s1-t4" name="Close Browser">
<kw name="Log" library="BuiltIn" type="setup">
<doc>Logs the given message with the given level.</doc>
<arguments>
<arg>Welcome to the first Test setup</arg>
</arguments>
<msg timestamp="20210617 15:15:58.038" level="INFO">Welcome to the first Test setup</msg>
<status status="PASS" starttime="20210617 15:15:58.037" endtime="20210617 15:15:58.039"></status>
</kw>
<kw name="Close Browser" library="Selenium2Library">
<doc>Closes the current browser.</doc>
<status status="PASS" starttime="20210617 15:15:58.039" endtime="20210617 15:16:00.922"></status>
</kw>
<kw name="Log" library="BuiltIn">
<doc>Logs the given message with the given level.</doc>
<arguments>
<arg>Good by</arg>
</arguments>
<msg timestamp="20210617 15:16:00.924" level="INFO">Good by</msg>
<status status="PASS" starttime="20210617 15:16:00.923" endtime="20210617 15:16:00.924"></status>
</kw>
<kw name="Log" library="BuiltIn" type="teardown">
<doc>Logs the given message with the given level.</doc>
<arguments>
<arg>Welcome to the first Test Teardown</arg>
</arguments>
<msg timestamp="20210617 15:16:00.925" level="INFO">Welcome to the first Test Teardown</msg>
<status status="PASS" starttime="20210617 15:16:00.925" endtime="20210617 15:16:00.926"></status>
</kw>
<tags>
<tag>Test</tag>
</tags>
<status status="PASS" starttime="20210617 15:15:58.036" endtime="20210617 15:16:00.926" critical="yes"></status>
</test>
<kw name="Log" library="BuiltIn" type="teardown">
<doc>Logs the given message with the given level.</doc>
<arguments>
<arg>Welcome to the first Suite Teardown</arg>
</arguments>
<msg timestamp="20210617 15:16:00.928" level="INFO">Welcome to the first Suite Teardown</msg>
<status status="PASS" starttime="20210617 15:16:00.927" endtime="20210617 15:16:00.928"></status>
</kw>
<doc>Resource file for demo purposes

this

</doc>
<status status="PASS" starttime="20210617 15:15:30.544" endtime="20210617 15:16:00.928"></status>
</suite>
<status status="PASS" starttime="20210617 15:15:30.488" endtime="20210617 15:16:00.933"></status>
</suite>
<statistics>
<total>
<stat pass="4" fail="0">Critical Tests</stat>
<stat pass="4" fail="0">All Tests</stat>
</total>
<tag>
<stat pass="1" fail="0">Firt Tag</stat>
<stat pass="1" fail="0">Second Tag</stat>
<stat pass="3" fail="0">Test</stat>
</tag>
<suite>
<stat pass="4" fail="0" id="s1" name="Projectauto">Projectauto</stat>
<stat pass="4" fail="0" id="s1-s1" name="Robot">Projectauto.Robot</stat>
</suite>
</statistics>
<errors>
</errors>
</robot>
